d:\sources\racing car\racing car\x64\debug\vc143.pdb
d:\sources\racing car\racing car\x64\debug\vc143.idb
d:\sources\racing car\racing car\x64\debug\test.obj
d:\sources\racing car\racing car\x64\debug\roadline.obj
d:\sources\racing car\racing car\x64\debug\main.obj
d:\sources\racing car\racing car\x64\debug\car.obj
d:\sources\racing car\racing car\x64\debug\queue.obj
d:\sources\racing car\racing car\x64\debug\body.obj
d:\sources\racing car\x64\debug\racing car.exe
d:\sources\racing car\x64\debug\racing car.pdb
d:\sources\racing car\racing car\x64\debug\racing car.ilk
d:\sources\racing car\racing car\x64\debug\initsources.obj
d:\sources\racing car\racing car\x64\debug\sources.obj
d:\sources\racing car\racing car\x64\debug\main.obj.enc
d:\sources\racing car\racing car\x64\debug\racing car.tlog\cl.command.1.tlog
d:\sources\racing car\racing car\x64\debug\racing car.tlog\cl.items.tlog
d:\sources\racing car\racing car\x64\debug\racing car.tlog\cl.read.1.tlog
d:\sources\racing car\racing car\x64\debug\racing car.tlog\cl.write.1.tlog
d:\sources\racing car\racing car\x64\debug\racing car.tlog\link.command.1.tlog
d:\sources\racing car\racing car\x64\debug\racing car.tlog\link.read.1.tlog
d:\sources\racing car\racing car\x64\debug\racing car.tlog\link.secondary.1.tlog
d:\sources\racing car\racing car\x64\debug\racing car.tlog\link.write.1.tlog
